#
# There is insufficient memory for the Java Runtime Environment to continue.
# Native memory allocation (malloc) failed to allocate 1278736 bytes for Chunk::new
# Possible reasons:
#   The system is out of physical RAM or swap space
#   The process is running with CompressedOops enabled, and the Java Heap may be blocking the growth of the native heap
# Possible solutions:
#   Reduce memory load on the system
#   Increase physical memory or swap space
#   Check if swap backing store is full
#   Decrease Java heap size (-Xmx/-Xms)
#   Decrease number of Java threads
#   Decrease Java thread stack sizes (-Xss)
#   Set larger code cache with -XX:ReservedCodeCacheSize=
#   JVM is running with Unscaled Compressed Oops mode in which the Java heap is
#     placed in the first 4GB address space. The Java Heap base address is the
#     maximum limit for the native heap growth. Please use -XX:HeapBaseMinAddress
#     to set the Java Heap base and to place the Java Heap above 4GB virtual address.
# This output file may be truncated or incomplete.
#
#  Out of Memory Error (./open/src/hotspot/share/memory/arena.cpp:197), pid=9424, tid=8368
#
# JRE version: Java(TM) SE Runtime Environment 18.9 (11.0.18+9) (build 11.0.18+9-LTS-195)
# Java VM: Java HotSpot(TM) 64-Bit Server VM 18.9 (11.0.18+9-LTS-195, mixed mode, tiered, compressed oops, g1 gc, windows-amd64)
# No core dump will be written. Minidumps are not enabled by default on client versions of Windows
#

---------------  S U M M A R Y ------------

Command Line: --add-opens=java.base/java.util=ALL-UNNAMED --add-opens=java.base/java.lang=ALL-UNNAMED --add-opens=java.base/java.lang.invoke=ALL-UNNAMED --add-opens=java.base/java.util=ALL-UNNAMED --add-opens=java.prefs/java.util.prefs=ALL-UNNAMED --add-opens=java.prefs/java.util.prefs=ALL-UNNAMED --add-opens=java.base/java.nio.charset=ALL-UNNAMED --add-opens=java.base/java.net=ALL-UNNAMED --add-opens=java.base/java.util.concurrent.atomic=ALL-UNNAMED -Xmx2048m -Dfile.encoding=UTF-8 -Duser.country=ID -Duser.language=en -Duser.variant org.gradle.launcher.daemon.bootstrap.GradleDaemon 7.4

Host: Intel(R) Core(TM) i5-8250U CPU @ 1.60GHz, 8 cores, 11G,  Windows 11 , 64 bit Build 22621 (10.0.22621.1635)
Time: Thu Jun  8 10:41:09 2023 SE Asia Standard Time elapsed time: 57.612824 seconds (0d 0h 0m 57s)

---------------  T H R E A D  ---------------

Current thread (0x0000020864e14000):  JavaThread "C2 CompilerThread2" daemon [_thread_in_native, id=8368, stack(0x0000003f75100000,0x0000003f75200000)]


Current CompileTask:
C2:  57612 16832       4       org.gradle.internal.instantiation.generator.AsmBackedClassGenerator::generate (6 bytes)

Stack: [0x0000003f75100000,0x0000003f75200000]
Native frames: (J=compiled Java code, j=interpreted, Vv=VM code, C=native code)
V  [jvm.dll+0x65d8aa]
V  [jvm.dll+0x79fc1f]
V  [jvm.dll+0x7a12e9]
V  [jvm.dll+0x7a1983]
V  [jvm.dll+0x2585b5]
V  [jvm.dll+0xb284c]
V  [jvm.dll+0xb2e0c]
V  [jvm.dll+0x365e21]
V  [jvm.dll+0x32eb15]
V  [jvm.dll+0x32defa]
V  [jvm.dll+0x2113ad]
V  [jvm.dll+0x210378]
V  [jvm.dll+0x18c641]
V  [jvm.dll+0x220609]
V  [jvm.dll+0x21e92c]
V  [jvm.dll+0x763f61]
V  [jvm.dll+0x75c924]
V  [jvm.dll+0x65c755]
C  [ucrtbase.dll+0x29363]
C  [KERNEL32.DLL+0x126ad]
C  [ntdll.dll+0x5a9f8]


---------------  P R O C E S S  ---------------

Threads class SMR info:
_java_thread_list=0x00000208648335c0, length=54, elements={
0x0000020844b38800, 0x0000020862bdc000, 0x0000020862bdd800, 0x0000020863405800,
0x0000020863407000, 0x0000020863408000, 0x0000020863409800, 0x000002086344d000,
0x000002086345c000, 0x00000208635c7000, 0x000002086597b000, 0x00000208656e9000,
0x0000020865b60000, 0x000002086507b800, 0x00000208657b6000, 0x000002086675c000,
0x000002086675f800, 0x0000020866760000, 0x0000020866761800, 0x0000020866762800,
0x000002086582c800, 0x0000020865830000, 0x000002086582f000, 0x000002086582a000,
0x0000020865831800, 0x000002086b06b000, 0x000002086b06c800, 0x000002086b068000,
0x000002086b06e800, 0x000002086b06f000, 0x000002086c16b800, 0x000002086c168800,
0x00000208691b8800, 0x00000208691c2800, 0x00000208691c0000, 0x00000208691c3800,
0x00000208691bd800, 0x00000208691be800, 0x000002086d9fa800, 0x000002086d9fd000,
0x0000020867363000, 0x0000020867359800, 0x0000020867358800, 0x000002086735b000,
0x0000020867356000, 0x000002086735a000, 0x0000020867355800, 0x0000020865c32000,
0x0000020864e14000, 0x000002086735c800, 0x000002086735c000, 0x0000020867358000,
0x0000020867357000, 0x0000020867360000
}

Java Threads: ( => current thread )
  0x0000020844b38800 JavaThread "main" [_thread_blocked, id=16984, stack(0x0000003f72400000,0x0000003f72500000)]
  0x0000020862bdc000 JavaThread "Reference Handler" daemon [_thread_blocked, id=15688, stack(0x0000003f72b00000,0x0000003f72c00000)]
  0x0000020862bdd800 JavaThread "Finalizer" daemon [_thread_blocked, id=13672, stack(0x0000003f72c00000,0x0000003f72d00000)]
  0x0000020863405800 JavaThread "Signal Dispatcher" daemon [_thread_blocked, id=16472, stack(0x0000003f72d00000,0x0000003f72e00000)]
  0x0000020863407000 JavaThread "Attach Listener" daemon [_thread_blocked, id=14660, stack(0x0000003f72e00000,0x0000003f72f00000)]
  0x0000020863408000 JavaThread "Service Thread" daemon [_thread_blocked, id=13220, stack(0x0000003f72f00000,0x0000003f73000000)]
  0x0000020863409800 JavaThread "C2 CompilerThread0" daemon [_thread_in_native, id=11588, stack(0x0000003f73000000,0x0000003f73100000)]
  0x000002086344d000 JavaThread "C1 CompilerThread0" daemon [_thread_blocked, id=15228, stack(0x0000003f73100000,0x0000003f73200000)]
  0x000002086345c000 JavaThread "Sweeper thread" daemon [_thread_blocked, id=15736, stack(0x0000003f73200000,0x0000003f73300000)]
  0x00000208635c7000 JavaThread "Common-Cleaner" daemon [_thread_blocked, id=6732, stack(0x0000003f73300000,0x0000003f73400000)]
  0x000002086597b000 JavaThread "Daemon health stats" [_thread_blocked, id=4928, stack(0x0000003f73a00000,0x0000003f73b00000)]
  0x00000208656e9000 JavaThread "Incoming local TCP Connector on port 53552" [_thread_in_native, id=3432, stack(0x0000003f73900000,0x0000003f73a00000)]
  0x0000020865b60000 JavaThread "Daemon periodic checks" [_thread_blocked, id=1520, stack(0x0000003f73b00000,0x0000003f73c00000)]
  0x000002086507b800 JavaThread "Daemon" [_thread_blocked, id=13276, stack(0x0000003f73c00000,0x0000003f73d00000)]
  0x00000208657b6000 JavaThread "Daemon worker" [_thread_in_vm, id=12224, stack(0x0000003f73f00000,0x0000003f74000000)]
  0x000002086675c000 JavaThread "Cache worker for journal cache (C:\Users\etghi\.gradle\caches\journal-1)" [_thread_blocked, id=15512, stack(0x0000003f74300000,0x0000003f74400000)]
  0x000002086675f800 JavaThread "File lock request listener" [_thread_in_native, id=1952, stack(0x0000003f74400000,0x0000003f74500000)]
  0x0000020866760000 JavaThread "Cache worker for file hash cache (C:\Users\etghi\.gradle\caches\7.4\fileHashes)" [_thread_blocked, id=8900, stack(0x0000003f74500000,0x0000003f74600000)]
  0x0000020866761800 JavaThread "File watcher server" daemon [_thread_in_native, id=13204, stack(0x0000003f74d00000,0x0000003f74e00000)]
  0x0000020866762800 JavaThread "File watcher consumer" daemon [_thread_blocked, id=15940, stack(0x0000003f74e00000,0x0000003f74f00000)]
  0x000002086582c800 JavaThread "Cache worker for execution history cache (C:\Users\etghi\.gradle\caches\7.4\executionHistory)" [_thread_blocked, id=11236, stack(0x0000003f75300000,0x0000003f75400000)]
  0x0000020865830000 JavaThread "jar transforms" [_thread_blocked, id=10260, stack(0x0000003f75400000,0x0000003f75500000)]
  0x000002086582f000 JavaThread "Cache worker for file content cache (C:\Users\etghi\.gradle\caches\7.4\fileContent)" [_thread_blocked, id=5160, stack(0x0000003f75500000,0x0000003f75600000)]
  0x000002086582a000 JavaThread "jar transforms Thread 2" [_thread_blocked, id=12320, stack(0x0000003f75600000,0x0000003f75700000)]
  0x0000020865831800 JavaThread "jar transforms Thread 3" [_thread_blocked, id=11876, stack(0x0000003f75800000,0x0000003f75900000)]
  0x000002086b06b000 JavaThread "jar transforms Thread 4" [_thread_blocked, id=11432, stack(0x0000003f7aa00000,0x0000003f7ab00000)]
  0x000002086b06c800 JavaThread "jar transforms Thread 5" [_thread_blocked, id=9120, stack(0x0000003f7ab00000,0x0000003f7ac00000)]
  0x000002086b068000 JavaThread "jar transforms Thread 6" [_thread_blocked, id=12900, stack(0x0000003f7ac00000,0x0000003f7ad00000)]
  0x000002086b06e800 JavaThread "jar transforms Thread 7" [_thread_blocked, id=14952, stack(0x0000003f7ad00000,0x0000003f7ae00000)]
  0x000002086b06f000 JavaThread "jar transforms Thread 8" [_thread_blocked, id=3472, stack(0x0000003f7ae00000,0x0000003f7af00000)]
  0x000002086c16b800 JavaThread "Memory manager" [_thread_blocked, id=12052, stack(0x0000003f7af00000,0x0000003f7b000000)]
  0x000002086c168800 JavaThread "included builds" [_thread_blocked, id=6488, stack(0x0000003f7b100000,0x0000003f7b200000)]
  0x00000208691b8800 JavaThread "Cache worker for Java compile cache (C:\Users\etghi\.gradle\caches\7.4\javaCompile)" [_thread_blocked, id=15960, stack(0x0000003f7c100000,0x0000003f7c200000)]
  0x00000208691c2800 JavaThread "ForkJoinPool.commonPool-worker-3" daemon [_thread_blocked, id=2284, stack(0x0000003f7cf00000,0x0000003f7d000000)]
  0x00000208691c0000 JavaThread "ForkJoinPool.commonPool-worker-5" daemon [_thread_blocked, id=9192, stack(0x0000003f7d000000,0x0000003f7d100000)]
  0x00000208691c3800 JavaThread "ForkJoinPool.commonPool-worker-7" daemon [_thread_blocked, id=14628, stack(0x0000003f7d100000,0x0000003f7d200000)]
  0x00000208691bd800 JavaThread "ForkJoinPool.commonPool-worker-9" daemon [_thread_blocked, id=5248, stack(0x0000003f7d200000,0x0000003f7d300000)]
  0x00000208691be800 JavaThread "ForkJoinPool.commonPool-worker-13" daemon [_thread_blocked, id=10612, stack(0x0000003f7d300000,0x0000003f7d400000)]
  0x000002086d9fa800 JavaThread "ForkJoinPool.commonPool-worker-11" daemon [_thread_blocked, id=2080, stack(0x0000003f7d400000,0x0000003f7d500000)]
  0x000002086d9fd000 JavaThread "ForkJoinPool.commonPool-worker-15" daemon [_thread_blocked, id=14964, stack(0x0000003f7d500000,0x0000003f7d600000)]
  0x0000020867363000 JavaThread "included builds" [_thread_blocked, id=17232, stack(0x0000003f7b400000,0x0000003f7b500000)]
  0x0000020867359800 JavaThread "Handler for socket connection from /127.0.0.1:53552 to /127.0.0.1:53728" [_thread_in_native, id=6256, stack(0x0000003f73e00000,0x0000003f73f00000)]
  0x0000020867358800 JavaThread "Cancel handler" [_thread_blocked, id=3660, stack(0x0000003f74000000,0x0000003f74100000)]
  0x000002086735b000 JavaThread "Asynchronous log dispatcher for DefaultDaemonConnection: socket connection from /127.0.0.1:53552 to /127.0.0.1:53728" [_thread_blocked, id=13640, stack(0x0000003f74100000,0x0000003f74200000)]
  0x0000020867356000 JavaThread "Stdin handler" [_thread_blocked, id=14292, stack(0x0000003f74200000,0x0000003f74300000)]
  0x000002086735a000 JavaThread "Daemon client event forwarder" [_thread_blocked, id=312, stack(0x0000003f74c00000,0x0000003f74d00000)]
  0x0000020867355800 JavaThread "Cache worker for checksums cache (C:\Users\etghi\AndroidStudioProjects\PubertasSehat\.gradle\7.4\checksums)" [_thread_blocked, id=15548, stack(0x0000003f74f00000,0x0000003f75000000)]
  0x0000020865c32000 JavaThread "C2 CompilerThread1" daemon [_thread_blocked, id=15780, stack(0x0000003f75000000,0x0000003f75100000)]
=>0x0000020864e14000 JavaThread "C2 CompilerThread2" daemon [_thread_in_native, id=8368, stack(0x0000003f75100000,0x0000003f75200000)]
  0x000002086735c800 JavaThread "Cache worker for cache directory md-rule (C:\Users\etghi\.gradle\caches\7.4\md-rule)" [_thread_blocked, id=9568, stack(0x0000003f75200000,0x0000003f75300000)]
  0x000002086735c000 JavaThread "Cache worker for file hash cache (C:\Users\etghi\AndroidStudioProjects\PubertasSehat\.gradle\7.4\fileHashes)" [_thread_blocked, id=13468, stack(0x0000003f75700000,0x0000003f75800000)]
  0x0000020867358000 JavaThread "Cache worker for cache directory md-supplier (C:\Users\etghi\.gradle\caches\7.4\md-supplier)" [_thread_blocked, id=12244, stack(0x0000003f75900000,0x0000003f75a00000)]
  0x0000020867357000 JavaThread "Cache worker for dependencies-accessors (C:\Users\etghi\AndroidStudioProjects\PubertasSehat\.gradle\7.4\dependencies-accessors)" [_thread_blocked, id=13684, stack(0x0000003f75a00000,0x0000003f75b00000)]
  0x0000020867360000 JavaThread "Cache worker for Build Output Cleanup Cache (C:\Users\etghi\AndroidStudioProjects\PubertasSehat\.gradle\buildOutputCleanup)" [_thread_blocked, id=8592, stack(0x0000003f75b00000,0x0000003f75c00000)]

Other Threads:
  0x0000020862bc5000 VMThread "VM Thread" [stack: 0x0000003f72a00000,0x0000003f72b00000] [id=14396]
  0x0000020863601000 WatcherThread [stack: 0x0000003f73400000,0x0000003f73500000] [id=7556]
  0x0000020844b4f800 GCTaskThread "GC Thread#0" [stack: 0x0000003f72500000,0x0000003f72600000] [id=14404]
  0x000002086456b800 GCTaskThread "GC Thread#1" [stack: 0x0000003f73600000,0x0000003f73700000] [id=3628]
  0x000002086459a000 GCTaskThread "GC Thread#2" [stack: 0x0000003f73700000,0x0000003f73800000] [id=17220]
  0x00000208645fe800 GCTaskThread "GC Thread#3" [stack: 0x0000003f73800000,0x0000003f73900000] [id=16268]
  0x0000020865f55800 GCTaskThread "GC Thread#4" [stack: 0x0000003f74600000,0x0000003f74700000] [id=2756]
  0x0000020864d2d000 GCTaskThread "GC Thread#5" [stack: 0x0000003f74700000,0x0000003f74800000] [id=9532]
  0x000002086490a800 GCTaskThread "GC Thread#6" [stack: 0x0000003f74800000,0x0000003f74900000] [id=13720]
  0x0000020864b58000 GCTaskThread "GC Thread#7" [stack: 0x0000003f74900000,0x0000003f74a00000] [id=11352]
  0x0000020844b81800 ConcurrentGCThread "G1 Main Marker" [stack: 0x0000003f72600000,0x0000003f72700000] [id=13784]
  0x0000020844b84800 ConcurrentGCThread "G1 Conc#0" [stack: 0x0000003f72700000,0x0000003f72800000] [id=6344]
  0x000002086444f000 ConcurrentGCThread "G1 Conc#1" [stack: 0x0000003f74b00000,0x0000003f74c00000] [id=9068]
  0x0000020862a2e800 ConcurrentGCThread "G1 Refine#0" [stack: 0x0000003f72800000,0x0000003f72900000] [id=3376]
  0x0000020863da1800 ConcurrentGCThread "G1 Refine#1" [stack: 0x0000003f74a00000,0x0000003f74b00000] [id=11340]
  0x0000020862a31800 ConcurrentGCThread "G1 Young RemSet Sampling" [stack: 0x0000003f72900000,0x0000003f72a00000] [id=9084]

Threads with active compile tasks:
C2 CompilerThread0    57666 16902       4       org.gradle.api.internal.artifacts.ivyservice.modulecache.StringDeduplicatingDecoder::readBoolean (10 bytes)
C1 CompilerThread0    57666 16907       3       org.gradle.internal.component.external.model.AbstractVariantBackedConfigurationMetadata::getAttributes (5 bytes)
C2 CompilerThread2    57667 16832       4       org.gradle.internal.instantiation.generator.AsmBackedClassGenerator::generate (6 bytes)

VM state:not at safepoint (normal execution)

VM Mutex/Monitor currently owned by a thread: None

Heap address: 0x0000000080000000, size: 2048 MB, Compressed Oops mode: 32-bit
Narrow klass base: 0x0000000000000000, Narrow klass shift: 3
Compressed class space size: 1073741824 Address: 0x0000000100000000

Heap:
 garbage-first heap   total 196608K, used 166640K [0x0000000080000000, 0x0000000100000000)
  region size 1024K, 70 young (71680K), 4 survivors (4096K)
 Metaspace       used 118875K, capacity 122917K, committed 123080K, reserved 1155072K
  class space    used 15644K, capacity 17240K, committed 17356K, reserved 1048576K
Heap Regions: E=young(eden), S=young(survivor), O=old, HS=humongous(starts), HC=humongous(continues), CS=collection set, F=free, A=archive, TAMS=top-at-mark-start (previous, next)
|   0|0x0000000080000000, 0x0000000080100000, 0x0000000080100000|100%| O|  |TAMS 0x0000000080100000, 0x0000000080000000| Untracked 
|   1|0x0000000080100000, 0x0000000080200000, 0x0000000080200000|100%| O|  |TAMS 0x0000000080200000, 0x0000000080100000| Untracked 
|   2|0x0000000080200000, 0x0000000080300000, 0x0000000080300000|100%| O|  |TAMS 0x0000000080300000, 0x0000000080200000| Untracked 
|   3|0x0000000080300000, 0x0000000080400000, 0x0000000080400000|100%|HS|  |TAMS 0x0000000080400000, 0x0000000080300000| Complete 
|   4|0x0000000080400000, 0x0000000080500000, 0x0000000080500000|100%|HC|  |TAMS 0x0000000080500000, 0x0000000080400000| Complete 
|   5|0x0000000080500000, 0x0000000080600000, 0x0000000080600000|100%|HC|  |TAMS 0x0000000080600000, 0x0000000080500000| Complete 
|   6|0x0000000080600000, 0x0000000080700000, 0x0000000080700000|100%| O|  |TAMS 0x0000000080700000, 0x0000000080600000| Untracked 
|   7|0x0000000080700000, 0x0000000080800000, 0x0000000080800000|100%| O|  |TAMS 0x0000000080800000, 0x0000000080700000| Untracked 
|   8|0x0000000080800000, 0x0000000080900000, 0x0000000080900000|100%| O|  |TAMS 0x0000000080900000, 0x0000000080800000| Untracked 
|   9|0x0000000080900000, 0x0000000080a00000, 0x0000000080a00000|100%| O|  |TAMS 0x0000000080a00000, 0x0000000080900000| Untracked 
|  10|0x0000000080a00000, 0x0000000080b00000, 0x0000000080b00000|100%| O|  |TAMS 0x0000000080b00000, 0x0000000080a00000| Untracked 
|  11|0x0000000080b00000, 0x0000000080c00000, 0x0000000080c00000|100%| O|  |TAMS 0x0000000080c00000, 0x0000000080b00000| Untracked 
|  12|0x0000000080c00000, 0x0000000080d00000, 0x0000000080d00000|100%| O|  |TAMS 0x0000000080d00000, 0x0000000080c00000| Untracked 
|  13|0x0000000080d00000, 0x0000000080e00000, 0x0000000080e00000|100%| O|  |TAMS 0x0000000080e00000, 0x0000000080d00000| Untracked 
|  14|0x0000000080e00000, 0x0000000080f00000, 0x0000000080f00000|100%| O|  |TAMS 0x0000000080f00000, 0x0000000080e00000| Untracked 
|  15|0x0000000080f00000, 0x0000000081000000, 0x0000000081000000|100%| O|  |TAMS 0x0000000081000000, 0x0000000080f00000| Untracked 
|  16|0x0000000081000000, 0x0000000081100000, 0x0000000081100000|100%| O|  |TAMS 0x0000000081100000, 0x0000000081000000| Untracked 
|  17|0x0000000081100000, 0x0000000081200000, 0x0000000081200000|100%|HS|  |TAMS 0x0000000081200000, 0x0000000081100000| Complete 
|  18|0x0000000081200000, 0x0000000081300000, 0x0000000081300000|100%| O|  |TAMS 0x0000000081300000, 0x0000000081200000| Untracked 
|  19|0x0000000081300000, 0x0000000081400000, 0x0000000081400000|100%| O|  |TAMS 0x0000000081400000, 0x0000000081300000| Untracked 
|  20|0x0000000081400000, 0x0000000081500000, 0x0000000081500000|100%| O|  |TAMS 0x0000000081500000, 0x0000000081400000| Untracked 
|  21|0x0000000081500000, 0x0000000081600000, 0x0000000081600000|100%| O|  |TAMS 0x0000000081600000, 0x0000000081500000| Untracked 
|  22|0x0000000081600000, 0x0000000081700000, 0x0000000081700000|100%|HS|  |TAMS 0x0000000081700000, 0x0000000081600000| Complete 
|  23|0x0000000081700000, 0x0000000081800000, 0x0000000081800000|100%| O|  |TAMS 0x0000000081800000, 0x0000000081700000| Untracked 
|  24|0x0000000081800000, 0x0000000081900000, 0x0000000081900000|100%|HS|  |TAMS 0x0000000081900000, 0x0000000081800000| Complete 
|  25|0x0000000081900000, 0x0000000081a00000, 0x0000000081a00000|100%|HC|  |TAMS 0x0000000081a00000, 0x0000000081900000| Complete 
|  26|0x0000000081a00000, 0x0000000081b00000, 0x0000000081b00000|100%| O|  |TAMS 0x0000000081b00000, 0x0000000081a00000| Untracked 
|  27|0x0000000081b00000, 0x0000000081c00000, 0x0000000081c00000|100%| O|  |TAMS 0x0000000081c00000, 0x0000000081b00000| Untracked 
|  28|0x0000000081c00000, 0x0000000081d00000, 0x0000000081d00000|100%| O|  |TAMS 0x0000000081d00000, 0x0000000081c00000| Untracked 
|  29|0x0000000081d00000, 0x0000000081e00000, 0x0000000081e00000|100%| O|  |TAMS 0x0000000081e00000, 0x0000000081d00000| Untracked 
|  30|0x0000000081e00000, 0x0000000081f00000, 0x0000000081f00000|100%| O|  |TAMS 0x0000000081f00000, 0x0000000081e00000| Untracked 
|  31|0x0000000081f00000, 0x0000000082000000, 0x0000000082000000|100%| O|  |TAMS 0x0000000082000000, 0x0000000081f00000| Untracked 
|  32|0x0000000082000000, 0x0000000082100000, 0x0000000082100000|100%| O|  |TAMS 0x0000000082100000, 0x0000000082000000| Untracked 
|  33|0x0000000082100000, 0x0000000082200000, 0x0000000082200000|100%| O|  |TAMS 0x0000000082200000, 0x0000000082100000| Untracked 
|  34|0x0000000082200000, 0x0000000082300000, 0x0000000082300000|100%| O|  |TAMS 0x0000000082300000, 0x0000000082200000| Untracked 
|  35|0x0000000082300000, 0x0000000082400000, 0x0000000082400000|100%| O|  |TAMS 0x0000000082400000, 0x0000000082300000| Untracked 
|  36|0x0000000082400000, 0x0000000082500000, 0x0000000082500000|100%| O|  |TAMS 0x0000000082500000, 0x0000000082400000| Untracked 
|  37|0x0000000082500000, 0x0000000082600000, 0x0000000082600000|100%| O|  |TAMS 0x0000000082600000, 0x0000000082500000| Untracked 
|  38|0x0000000082600000, 0x0000000082700000, 0x0000000082700000|100%| O|  |TAMS 0x0000000082700000, 0x0000000082600000| Untracked 
|  39|0x0000000082700000, 0x0000000082800000, 0x0000000082800000|100%| O|  |TAMS 0x0000000082800000, 0x0000000082700000| Untracked 
|  40|0x0000000082800000, 0x0000000082900000, 0x0000000082900000|100%| O|  |TAMS 0x0000000082900000, 0x0000000082800000| Untracked 
|  41|0x0000000082900000, 0x0000000082a00000, 0x0000000082a00000|100%| O|  |TAMS 0x0000000082a00000, 0x0000000082900000| Untracked 
|  42|0x0000000082a00000, 0x0000000082b00000, 0x0000000082b00000|100%| O|  |TAMS 0x0000000082b00000, 0x0000000082a00000| Untracked 
|  43|0x0000000082b00000, 0x0000000082c00000, 0x0000000082c00000|100%| O|  |TAMS 0x0000000082c00000, 0x0000000082b00000| Untracked 
|  44|0x0000000082c00000, 0x0000000082d00000, 0x0000000082d00000|100%| O|  |TAMS 0x0000000082d00000, 0x0000000082c00000| Untracked 
|  45|0x0000000082d00000, 0x0000000082e00000, 0x0000000082e00000|100%| O|  |TAMS 0x0000000082e00000, 0x0000000082d00000| Untracked 
|  46|0x0000000082e00000, 0x0000000082f00000, 0x0000000082f00000|100%| O|  |TAMS 0x0000000082f00000, 0x0000000082e00000| Untracked 
|  47|0x0000000082f00000, 0x0000000083000000, 0x0000000083000000|100%| O|  |TAMS 0x0000000083000000, 0x0000000082f00000| Untracked 
|  48|0x0000000083000000, 0x0000000083100000, 0x0000000083100000|100%| O|  |TAMS 0x0000000083100000, 0x0000000083000000| Untracked 
|  49|0x0000000083100000, 0x0000000083200000, 0x0000000083200000|100%| O|  |TAMS 0x0000000083200000, 0x0000000083100000| Untracked 
|  50|0x0000000083200000, 0x0000000083300000, 0x0000000083300000|100%| O|  |TAMS 0x0000000083300000, 0x0000000083200000| Untracked 
|  51|0x0000000083300000, 0x0000000083400000, 0x0000000083400000|100%| O|  |TAMS 0x0000000083400000, 0x0000000083300000| Untracked 
|  52|0x0000000083400000, 0x0000000083500000, 0x0000000083500000|100%| O|  |TAMS 0x0000000083500000, 0x0000000083400000| Untracked 
|  53|0x0000000083500000, 0x0000000083600000, 0x0000000083600000|100%| O|  |TAMS 0x0000000083600000, 0x0000000083500000| Untracked 
|  54|0x0000000083600000, 0x0000000083700000, 0x0000000083700000|100%| O|  |TAMS 0x0000000083700000, 0x0000000083600000| Untracked 
|  55|0x0000000083700000, 0x0000000083800000, 0x0000000083800000|100%| O|  |TAMS 0x0000000083800000, 0x0000000083700000| Untracked 
|  56|0x0000000083800000, 0x0000000083900000, 0x0000000083900000|100%| O|  |TAMS 0x0000000083900000, 0x0000000083800000| Untracked 
|  57|0x0000000083900000, 0x0000000083a00000, 0x0000000083a00000|100%| O|  |TAMS 0x0000000083a00000, 0x0000000083900000| Untracked 
|  58|0x0000000083a00000, 0x0000000083b00000, 0x0000000083b00000|100%| O|  |TAMS 0x0000000083b00000, 0x0000000083a00000| Untracked 
|  59|0x0000000083b00000, 0x0000000083c00000, 0x0000000083c00000|100%| O|  |TAMS 0x0000000083c00000, 0x0000000083b00000| Untracked 
|  60|0x0000000083c00000, 0x0000000083d00000, 0x0000000083d00000|100%| O|  |TAMS 0x0000000083d00000, 0x0000000083c00000| Untracked 
|  61|0x0000000083d00000, 0x0000000083e00000, 0x0000000083e00000|100%| O|  |TAMS 0x0000000083e00000, 0x0000000083d00000| Untracked 
|  62|0x0000000083e00000, 0x0000000083f00000, 0x0000000083f00000|100%| O|  |TAMS 0x0000000083f00000, 0x0000000083e00000| Untracked 
|  63|0x0000000083f00000, 0x0000000084000000, 0x0000000084000000|100%| O|  |TAMS 0x0000000084000000, 0x0000000083f00000| Untracked 
|  64|0x0000000084000000, 0x0000000084100000, 0x0000000084100000|100%| O|  |TAMS 0x0000000084100000, 0x0000000084000000| Untracked 
|  65|0x0000000084100000, 0x0000000084200000, 0x0000000084200000|100%| O|  |TAMS 0x0000000084200000, 0x0000000084100000| Untracked 
|  66|0x0000000084200000, 0x0000000084300000, 0x0000000084300000|100%| O|  |TAMS 0x0000000084300000, 0x0000000084200000| Untracked 
|  67|0x0000000084300000, 0x0000000084400000, 0x0000000084400000|100%| O|  |TAMS 0x0000000084400000, 0x0000000084300000| Untracked 
|  68|0x0000000084400000, 0x0000000084500000, 0x0000000084500000|100%| O|  |TAMS 0x0000000084500000, 0x0000000084400000| Untracked 
|  69|0x0000000084500000, 0x0000000084600000, 0x0000000084600000|100%| O|  |TAMS 0x0000000084600000, 0x0000000084500000| Untracked 
|  70|0x0000000084600000, 0x0000000084700000, 0x0000000084700000|100%| O|  |TAMS 0x0000000084700000, 0x0000000084600000| Untracked 
|  71|0x0000000084700000, 0x0000000084800000, 0x0000000084800000|100%| O|  |TAMS 0x0000000084800000, 0x0000000084700000| Untracked 
|  72|0x0000000084800000, 0x0000000084900000, 0x0000000084900000|100%| O|  |TAMS 0x0000000084900000, 0x0000000084800000| Untracked 
|  73|0x0000000084900000, 0x0000000084a00000, 0x0000000084a00000|100%| O|  |TAMS 0x0000000084a00000, 0x0000000084900000| Untracked 
|  74|0x0000000084a00000, 0x0000000084b00000, 0x0000000084b00000|100%| O|  |TAMS 0x0000000084b00000, 0x0000000084a00000| Untracked 
|  75|0x0000000084b00000, 0x0000000084c00000, 0x0000000084c00000|100%| O|  |TAMS 0x0000000084c00000, 0x0000000084b00000| Untracked 
|  76|0x0000000084c00000, 0x0000000084d00000, 0x0000000084d00000|100%| O|  |TAMS 0x0000000084d00000, 0x0000000084c00000| Untracked 
|  77|0x0000000084d00000, 0x0000000084e00000, 0x0000000084e00000|100%| O|  |TAMS 0x0000000084e00000, 0x0000000084d00000| Untracked 
|  78|0x0000000084e00000, 0x0000000084ebc000, 0x0000000084f00000| 73%| O|  |TAMS 0x0000000084ebc000, 0x0000000084e00000| Untracked 
|  79|0x0000000084f00000, 0x0000000085000000, 0x0000000085000000|100%|HS|  |TAMS 0x0000000085000000, 0x0000000084f00000| Complete 
|  80|0x0000000085000000, 0x0000000085100000, 0x0000000085100000|100%|HC|  |TAMS 0x0000000085100000, 0x0000000085000000| Complete 
|  81|0x0000000085100000, 0x0000000085200000, 0x0000000085200000|100%|HS|  |TAMS 0x0000000085200000, 0x0000000085100000| Complete 
|  82|0x0000000085200000, 0x0000000085300000, 0x0000000085300000|100%|HC|  |TAMS 0x0000000085300000, 0x0000000085200000| Complete 
|  83|0x0000000085300000, 0x0000000085400000, 0x0000000085400000|100%|HS|  |TAMS 0x0000000085400000, 0x0000000085300000| Complete 
|  84|0x0000000085400000, 0x0000000085500000, 0x0000000085500000|100%|HC|  |TAMS 0x0000000085500000, 0x0000000085400000| Complete 
|  85|0x0000000085500000, 0x0000000085600000, 0x0000000085600000|100%|HS|  |TAMS 0x0000000085600000, 0x0000000085500000| Complete 
|  86|0x0000000085600000, 0x0000000085700000, 0x0000000085700000|100%|HC|  |TAMS 0x0000000085700000, 0x0000000085600000| Complete 
|  87|0x0000000085700000, 0x0000000085800000, 0x0000000085800000|100%|HS|  |TAMS 0x0000000085700000, 0x0000000085700000| Complete 
|  88|0x0000000085800000, 0x0000000085900000, 0x0000000085900000|100%|HC|  |TAMS 0x0000000085800000, 0x0000000085800000| Complete 
|  89|0x0000000085900000, 0x0000000085a00000, 0x0000000085a00000|100%|HS|  |TAMS 0x0000000085900000, 0x0000000085900000| Complete 
|  90|0x0000000085a00000, 0x0000000085b00000, 0x0000000085b00000|100%|HC|  |TAMS 0x0000000085a00000, 0x0000000085a00000| Complete 
|  91|0x0000000085b00000, 0x0000000085c00000, 0x0000000085c00000|100%|HS|  |TAMS 0x0000000085b00000, 0x0000000085b00000| Complete 
|  92|0x0000000085c00000, 0x0000000085d00000, 0x0000000085d00000|100%|HC|  |TAMS 0x0000000085c00000, 0x0000000085c00000| Complete 
|  93|0x0000000085d00000, 0x0000000085e00000, 0x0000000085e00000|100%|HS|  |TAMS 0x0000000085d00000, 0x0000000085d00000| Complete 
|  94|0x0000000085e00000, 0x0000000085f00000, 0x0000000085f00000|100%|HC|  |TAMS 0x0000000085e00000, 0x0000000085e00000| Complete 
|  95|0x0000000085f00000, 0x0000000085f00000, 0x0000000086000000|  0%| F|  |TAMS 0x0000000085f00000, 0x0000000085f00000| Untracked 
|  96|0x0000000086000000, 0x0000000086000000, 0x0000000086100000|  0%| F|  |TAMS 0x0000000086000000, 0x0000000086000000| Untracked 
|  97|0x0000000086100000, 0x0000000086100000, 0x0000000086200000|  0%| F|  |TAMS 0x0000000086100000, 0x0000000086100000| Untracked 
|  98|0x0000000086200000, 0x0000000086200000, 0x0000000086300000|  0%| F|  |TAMS 0x0000000086200000, 0x0000000086200000| Untracked 
|  99|0x0000000086300000, 0x0000000086300000, 0x0000000086400000|  0%| F|  |TAMS 0x0000000086300000, 0x0000000086300000| Untracked 
| 100|0x0000000086400000, 0x0000000086400000, 0x0000000086500000|  0%| F|  |TAMS 0x0000000086400000, 0x0000000086400000| Untracked 
| 101|0x0000000086500000, 0x0000000086500000, 0x0000000086600000|  0%| F|  |TAMS 0x0000000086500000, 0x0000000086500000| Untracked 
| 102|0x0000000086600000, 0x0000000086600000, 0x0000000086700000|  0%| F|  |TAMS 0x0000000086600000, 0x0000000086600000| Untracked 
| 103|0x0000000086700000, 0x0000000086700000, 0x0000000086800000|  0%| F|  |TAMS 0x0000000086700000, 0x0000000086700000| Untracked 
| 104|0x0000000086800000, 0x0000000086800000, 0x0000000086900000|  0%| F|  |TAMS 0x0000000086800000, 0x0000000086800000| Untracked 
| 105|0x0000000086900000, 0x0000000086900000, 0x0000000086a00000|  0%| F|  |TAMS 0x0000000086900000, 0x0000000086900000| Untracked 
| 106|0x0000000086a00000, 0x0000000086a00000, 0x0000000086b00000|  0%| F|  |TAMS 0x0000000086a00000, 0x0000000086a00000| Untracked 
| 107|0x0000000086b00000, 0x0000000086b00000, 0x0000000086c00000|  0%| F|  |TAMS 0x0000000086b00000, 0x0000000086b00000| Untracked 
| 108|0x0000000086c00000, 0x0000000086c00000, 0x0000000086d00000|  0%| F|  |TAMS 0x0000000086c00000, 0x0000000086c00000| Untracked 
| 109|0x0000000086d00000, 0x0000000086d00000, 0x0000000086e00000|  0%| F|  |TAMS 0x0000000086d00000, 0x0000000086d00000| Untracked 
| 110|0x0000000086e00000, 0x0000000086e00000, 0x0000000086f00000|  0%| F|  |TAMS 0x0000000086e00000, 0x0000000086e00000| Untracked 
| 111|0x0000000086f00000, 0x0000000086f00000, 0x0000000087000000|  0%| F|  |TAMS 0x0000000086f00000, 0x0000000086f00000| Untracked 
| 112|0x0000000087000000, 0x0000000087000000, 0x0000000087100000|  0%| F|  |TAMS 0x0000000087000000, 0x0000000087000000| Untracked 
| 113|0x0000000087100000, 0x0000000087100000, 0x0000000087200000|  0%| F|  |TAMS 0x0000000087100000, 0x0000000087100000| Untracked 
| 114|0x0000000087200000, 0x0000000087200000, 0x0000000087300000|  0%| F|  |TAMS 0x0000000087200000, 0x0000000087200000| Untracked 
| 115|0x0000000087300000, 0x0000000087300000, 0x0000000087400000|  0%| F|  |TAMS 0x0000000087300000, 0x0000000087300000| Untracked 
| 116|0x0000000087400000, 0x0000000087400000, 0x0000000087500000|  0%| F|  |TAMS 0x0000000087400000, 0x0000000087400000| Untracked 
| 117|0x0000000087500000, 0x0000000087500000, 0x0000000087600000|  0%| F|  |TAMS 0x0000000087500000, 0x0000000087500000| Untracked 
| 118|0x0000000087600000, 0x0000000087600000, 0x0000000087700000|  0%| F|  |TAMS 0x0000000087600000, 0x0000000087600000| Untracked 
| 119|0x0000000087700000, 0x0000000087700000, 0x0000000087800000|  0%| F|  |TAMS 0x0000000087700000, 0x0000000087700000| Untracked 
| 120|0x0000000087800000, 0x0000000087800000, 0x0000000087900000|  0%| F|  |TAMS 0x0000000087800000, 0x0000000087800000| Untracked 
| 121|0x0000000087900000, 0x0000000087900000, 0x0000000087a00000|  0%| F|  |TAMS 0x0000000087900000, 0x0000000087900000| Untracked 
| 122|0x0000000087a00000, 0x0000000087b00000, 0x0000000087b00000|100%| E|  |TAMS 0x0000000087a00000, 0x0000000087a00000| Complete 
| 123|0x0000000087b00000, 0x0000000087c00000, 0x0000000087c00000|100%| E|CS|TAMS 0x0000000087b00000, 0x0000000087b00000| Complete 
| 124|0x0000000087c00000, 0x0000000087d00000, 0x0000000087d00000|100%| E|CS|TAMS 0x0000000087c00000, 0x0000000087c00000| Complete 
| 125|0x0000000087d00000, 0x0000000087e00000, 0x0000000087e00000|100%| E|CS|TAMS 0x0000000087d00000, 0x0000000087d00000| Complete 
| 126|0x0000000087e00000, 0x0000000087f00000, 0x0000000087f00000|100%| E|CS|TAMS 0x0000000087e00000, 0x0000000087e00000| Complete 
| 127|0x0000000087f00000, 0x0000000088000000, 0x0000000088000000|100%| E|CS|TAMS 0x0000000087f00000, 0x0000000087f00000| Complete 
| 128|0x0000000088000000, 0x0000000088100000, 0x0000000088100000|100%| E|CS|TAMS 0x0000000088000000, 0x0000000088000000| Complete 
| 129|0x0000000088100000, 0x0000000088200000, 0x0000000088200000|100%| E|CS|TAMS 0x0000000088100000, 0x0000000088100000| Complete 
| 130|0x0000000088200000, 0x0000000088300000, 0x0000000088300000|100%| E|CS|TAMS 0x0000000088200000, 0x0000000088200000| Complete 
| 131|0x0000000088300000, 0x0000000088400000, 0x0000000088400000|100%| E|CS|TAMS 0x0000000088300000, 0x0000000088300000| Complete 
| 132|0x0000000088400000, 0x0000000088500000, 0x0000000088500000|100%| E|CS|TAMS 0x0000000088400000, 0x0000000088400000| Complete 
| 133|0x0000000088500000, 0x0000000088600000, 0x0000000088600000|100%| E|CS|TAMS 0x0000000088500000, 0x0000000088500000| Complete 
| 134|0x0000000088600000, 0x0000000088700000, 0x0000000088700000|100%| E|CS|TAMS 0x0000000088600000, 0x0000000088600000| Complete 
| 135|0x0000000088700000, 0x0000000088800000, 0x0000000088800000|100%| E|CS|TAMS 0x0000000088700000, 0x0000000088700000| Complete 
| 136|0x0000000088800000, 0x0000000088900000, 0x0000000088900000|100%| E|CS|TAMS 0x0000000088800000, 0x0000000088800000| Complete 
| 137|0x0000000088900000, 0x0000000088a00000, 0x0000000088a00000|100%| E|CS|TAMS 0x0000000088900000, 0x0000000088900000| Complete 
| 138|0x0000000088a00000, 0x0000000088b00000, 0x0000000088b00000|100%| E|CS|TAMS 0x0000000088a00000, 0x0000000088a00000| Complete 
| 139|0x0000000088b00000, 0x0000000088c00000, 0x0000000088c00000|100%| E|CS|TAMS 0x0000000088b00000, 0x0000000088b00000| Complete 
| 140|0x0000000088c00000, 0x0000000088d00000, 0x0000000088d00000|100%| E|CS|TAMS 0x0000000088c00000, 0x0000000088c00000| Complete 
| 141|0x0000000088d00000, 0x0000000088e00000, 0x0000000088e00000|100%| E|CS|TAMS 0x0000000088d00000, 0x0000000088d00000| Complete 
| 142|0x0000000088e00000, 0x0000000088f00000, 0x0000000088f00000|100%| E|CS|TAMS 0x0000000088e00000, 0x0000000088e00000| Complete 
| 143|0x0000000088f00000, 0x0000000089000000, 0x0000000089000000|100%| E|CS|TAMS 0x0000000088f00000, 0x0000000088f00000| Complete 
| 144|0x0000000089000000, 0x0000000089100000, 0x0000000089100000|100%| E|CS|TAMS 0x0000000089000000, 0x0000000089000000| Complete 
| 145|0x0000000089100000, 0x0000000089200000, 0x0000000089200000|100%| E|CS|TAMS 0x0000000089100000, 0x0000000089100000| Complete 
| 146|0x0000000089200000, 0x0000000089300000, 0x0000000089300000|100%| S|CS|TAMS 0x0000000089200000, 0x0000000089200000| Complete 
| 147|0x0000000089300000, 0x0000000089400000, 0x0000000089400000|100%| S|CS|TAMS 0x0000000089300000, 0x0000000089300000| Complete 
| 148|0x0000000089400000, 0x0000000089500000, 0x0000000089500000|100%| S|CS|TAMS 0x0000000089400000, 0x0000000089400000| Complete 
| 149|0x0000000089500000, 0x0000000089600000, 0x0000000089600000|100%| S|CS|TAMS 0x0000000089500000, 0x0000000089500000| Complete 
| 150|0x0000000089600000, 0x0000000089700000, 0x0000000089700000|100%| E|CS|TAMS 0x0000000089600000, 0x0000000089600000| Complete 
| 151|0x0000000089700000, 0x0000000089800000, 0x0000000089800000|100%| E|CS|TAMS 0x0000000089700000, 0x0000000089700000| Complete 
| 152|0x0000000089800000, 0x0000000089900000, 0x0000000089900000|100%| E|CS|TAMS 0x0000000089800000, 0x0000000089800000| Complete 
| 153|0x0000000089900000, 0x0000000089a00000, 0x0000000089a00000|100%| E|CS|TAMS 0x0000000089900000, 0x0000000089900000| Complete 
| 154|0x0000000089a00000, 0x0000000089b00000, 0x0000000089b00000|100%| E|CS|TAMS 0x0000000089a00000, 0x0000000089a00000| Complete 
| 155|0x0000000089b00000, 0x0000000089c00000, 0x0000000089c00000|100%| E|CS|TAMS 0x0000000089b00000, 0x0000000089b00000| Complete 
| 156|0x0000000089c00000, 0x0000000089d00000, 0x0000000089d00000|100%| E|CS|TAMS 0x0000000089c00000, 0x0000000089c00000| Complete 
| 157|0x0000000089d00000, 0x0000000089e00000, 0x0000000089e00000|100%| E|CS|TAMS 0x0000000089d00000, 0x0000000089d00000| Complete 
| 158|0x0000000089e00000, 0x0000000089f00000, 0x0000000089f00000|100%| E|CS|TAMS 0x0000000089e00000, 0x0000000089e00000| Complete 
| 159|0x0000000089f00000, 0x000000008a000000, 0x000000008a000000|100%| E|CS|TAMS 0x0000000089f00000, 0x0000000089f00000| Complete 
| 160|0x000000008a000000, 0x000000008a100000, 0x000000008a100000|100%| E|CS|TAMS 0x000000008a000000, 0x000000008a000000| Complete 
| 161|0x000000008a100000, 0x000000008a200000, 0x000000008a200000|100%| E|CS|TAMS 0x000000008a100000, 0x000000008a100000| Complete 
| 162|0x000000008a200000, 0x000000008a300000, 0x000000008a300000|100%| E|CS|TAMS 0x000000008a200000, 0x000000008a200000| Complete 
| 163|0x000000008a300000, 0x000000008a400000, 0x000000008a400000|100%| E|  |TAMS 0x000000008a300000, 0x000000008a300000| Complete 
| 164|0x000000008a400000, 0x000000008a500000, 0x000000008a500000|100%| E|CS|TAMS 0x000000008a400000, 0x000000008a400000| Complete 
| 165|0x000000008a500000, 0x000000008a600000, 0x000000008a600000|100%| E|CS|TAMS 0x000000008a500000, 0x000000008a500000| Complete 
| 166|0x000000008a600000, 0x000000008a700000, 0x000000008a700000|100%| E|CS|TAMS 0x000000008a600000, 0x000000008a600000| Complete 
| 167|0x000000008a700000, 0x000000008a800000, 0x000000008a800000|100%| E|CS|TAMS 0x000000008a700000, 0x000000008a700000| Complete 
| 168|0x000000008a800000, 0x000000008a900000, 0x000000008a900000|100%| E|CS|TAMS 0x000000008a800000, 0x000000008a800000| Complete 
| 169|0x000000008a900000, 0x000000008aa00000, 0x000000008aa00000|100%| E|CS|TAMS 0x000000008a900000, 0x000000008a900000| Complete 
| 170|0x000000008aa00000, 0x000000008ab00000, 0x000000008ab00000|100%| E|CS|TAMS 0x000000008aa00000, 0x000000008aa00000| Complete 
| 171|0x000000008ab00000, 0x000000008ac00000, 0x000000008ac00000|100%| E|CS|TAMS 0x000000008ab00000, 0x000000008ab00000| Complete 
| 172|0x000000008ac00000, 0x000000008ad00000, 0x000000008ad00000|100%| E|CS|TAMS 0x000000008ac00000, 0x000000008ac00000| Complete 
| 173|0x000000008ad00000, 0x000000008ae00000, 0x000000008ae00000|100%| E|CS|TAMS 0x000000008ad00000, 0x000000008ad00000| Complete 
| 174|0x000000008ae00000, 0x000000008af00000, 0x000000008af00000|100%| E|CS|TAMS 0x000000008ae00000, 0x000000008ae00000| Complete 
| 175|0x000000008af00000, 0x000000008b000000, 0x000000008b000000|100%| E|CS|TAMS 0x000000008af00000, 0x000000008af00000| Complete 
| 176|0x000000008b000000, 0x000000008b100000, 0x000000008b100000|100%| E|CS|TAMS 0x000000008b000000, 0x000000008b000000| Complete 
| 177|0x000000008b100000, 0x000000008b200000, 0x000000008b200000|100%| E|CS|TAMS 0x000000008b100000, 0x000000008b100000| Complete 
| 178|0x000000008b200000, 0x000000008b300000, 0x000000008b300000|100%| E|CS|TAMS 0x000000008b200000, 0x000000008b200000| Complete 
| 179|0x000000008b300000, 0x000000008b400000, 0x000000008b400000|100%| E|CS|TAMS 0x000000008b300000, 0x000000008b300000| Complete 
| 180|0x000000008b400000, 0x000000008b500000, 0x000000008b500000|100%| E|CS|TAMS 0x000000008b400000, 0x000000008b400000| Complete 
| 181|0x000000008b500000, 0x000000008b600000, 0x000000008b600000|100%| E|CS|TAMS 0x000000008b500000, 0x000000008b500000| Complete 
| 182|0x000000008b600000, 0x000000008b700000, 0x000000008b700000|100%| E|CS|TAMS 0x000000008b600000, 0x000000008b600000| Complete 
| 183|0x000000008b700000, 0x000000008b800000, 0x000000008b800000|100%| E|CS|TAMS 0x000000008b700000, 0x000000008b700000| Complete 
| 184|0x000000008b800000, 0x000000008b900000, 0x000000008b900000|100%| E|CS|TAMS 0x000000008b800000, 0x000000008b800000| Complete 
| 185|0x000000008b900000, 0x000000008ba00000, 0x000000008ba00000|100%| E|CS|TAMS 0x000000008b900000, 0x000000008b900000| Complete 
| 186|0x000000008ba00000, 0x000000008bb00000, 0x000000008bb00000|100%| E|CS|TAMS 0x000000008ba00000, 0x000000008ba00000| Complete 
| 187|0x000000008bb00000, 0x000000008bc00000, 0x000000008bc00000|100%| E|CS|TAMS 0x000000008bb00000, 0x000000008bb00000| Complete 
| 188|0x000000008bc00000, 0x000000008bd00000, 0x000000008bd00000|100%| E|CS|TAMS 0x000000008bc00000, 0x000000008bc00000| Complete 
| 189|0x000000008bd00000, 0x000000008be00000, 0x000000008be00000|100%| E|CS|TAMS 0x000000008bd00000, 0x000000008bd00000| Complete 
| 190|0x000000008be00000, 0x000000008bf00000, 0x000000008bf00000|100%| E|CS|TAMS 0x000000008be00000, 0x000000008be00000| Complete 
| 191|0x000000008bf00000, 0x000000008c000000, 0x000000008c000000|100%| E|CS|TAMS 0x000000008bf00000, 0x000000008bf00000| Complete 

Card table byte_map: [0x000002085b940000,0x000002085bd40000] _byte_map_base: 0x000002085b540000

Marking Bits (Prev, Next): (CMBitMap*) 0x0000020844b76820, (CMBitMap*) 0x0000020844b767e8
 Prev Bits: [0x000002085e140000, 0x0000020860140000)
 Next Bits: [0x000002085c140000, 0x000002085e140000)

Polling page: 0x0000020842cd0000

Metaspace:

Usage:
  Non-class:    103.20 MB capacity,   100.82 MB ( 98%) used,     1.94 MB (  2%) free+waste,   457.81 KB ( <1%) overhead. 
      Class:     16.84 MB capacity,    15.28 MB ( 91%) used,     1.34 MB (  8%) free+waste,   226.75 KB (  1%) overhead. 
       Both:    120.04 MB capacity,   116.09 MB ( 97%) used,     3.27 MB (  3%) free+waste,   684.56 KB ( <1%) overhead. 

Virtual space:
  Non-class space:      104.00 MB reserved,     103.25 MB (>99%) committed 
      Class space:        1.00 GB reserved,      16.95 MB (  2%) committed 
             Both:        1.10 GB reserved,     120.20 MB ( 11%) committed 

Chunk freelists:
   Non-Class:  5.88 KB
       Class:  0 bytes
        Both:  5.88 KB

CodeHeap 'non-profiled nmethods': size=120000Kb used=9359Kb max_used=9359Kb free=110640Kb
 bounds [0x0000020853ce0000, 0x0000020854610000, 0x000002085b210000]
CodeHeap 'profiled nmethods': size=120000Kb used=33739Kb max_used=33739Kb free=86260Kb
 bounds [0x000002084c7b0000, 0x000002084e8b0000, 0x0000020853ce0000]
CodeHeap 'non-nmethods': size=5760Kb used=2356Kb max_used=2408Kb free=3403Kb
 bounds [0x000002084c210000, 0x000002084c480000, 0x000002084c7b0000]
 total_blobs=16963 nmethods=15981 adapters=892
 compilation: enabled
              stopped_count=0, restarted_count=0
 full_count=0

Compilation events (10 events):
Event: 57.582 Thread 0x000002086344d000 16866       3       org.gradle.api.internal.artifacts.ivyservice.modulecache.ModuleMetadataSerializer$Reader::readStringList (37 bytes)
Event: 57.583 Thread 0x000002086344d000 nmethod 16866 0x000002084e87dd10 code [0x000002084e87df80, 0x000002084e87ead8]
Event: 57.588 Thread 0x0000020863409800 nmethod 16842 0x00000208545ffa90 code [0x00000208545ffc20, 0x0000020854600098]
Event: 57.594 Thread 0x000002086344d000 16867       3       org.gradle.api.internal.artifacts.dsl.DefaultComponentMetadataProcessor::processMetadata (251 bytes)
Event: 57.595 Thread 0x000002086344d000 nmethod 16867 0x000002084e87ef90 code [0x000002084e87f320, 0x000002084e880978]
Event: 57.595 Thread 0x000002086344d000 16868  s    3       org.gradle.api.internal.artifacts.ivyservice.modulecache.DefaultCachedMetadata::putProcessedMetadata (64 bytes)
Event: 57.597 Thread 0x000002086344d000 nmethod 16868 0x000002084e881110 code [0x000002084e8813a0, 0x000002084e882348]
Event: 57.601 Thread 0x000002086344d000 16869       3       com.esotericsoftware.kryo.io.Input::readVarInt (192 bytes)
Event: 57.602 Thread 0x000002086344d000 nmethod 16869 0x000002084e882810 code [0x000002084e8829e0, 0x000002084e882e58]
Event: 57.607 Thread 0x0000020863409800 16870       4       org.gradle.api.internal.artifacts.DefaultModuleIdentifier::<init> (34 bytes)

GC Heap History (10 events):
Event: 16.603 GC heap before
{Heap before GC invocations=18 (full 0):
 garbage-first heap   total 196608K, used 154024K [0x0000000080000000, 0x0000000100000000)
  region size 1024K, 90 young (92160K), 9 survivors (9216K)
 Metaspace       used 90950K, capacity 93194K, committed 93440K, reserved 1130496K
  class space    used 11837K, capacity 12694K, committed 12800K, reserved 1048576K
}
Event: 16.615 GC heap after
{Heap after GC invocations=19 (full 0):
 garbage-first heap   total 196608K, used 76465K [0x0000000080000000, 0x0000000100000000)
  region size 1024K, 10 young (10240K), 10 survivors (10240K)
 Metaspace       used 90950K, capacity 93194K, committed 93440K, reserved 1130496K
  class space    used 11837K, capacity 12694K, committed 12800K, reserved 1048576K
}
Event: 18.376 GC heap before
{Heap before GC invocations=19 (full 0):
 garbage-first heap   total 196608K, used 157361K [0x0000000080000000, 0x0000000100000000)
  region size 1024K, 88 young (90112K), 10 survivors (10240K)
 Metaspace       used 100542K, capacity 102975K, committed 103296K, reserved 1138688K
  class space    used 12937K, capacity 13864K, committed 13952K, reserved 1048576K
}
Event: 18.387 GC heap after
{Heap after GC invocations=20 (full 0):
 garbage-first heap   total 196608K, used 83587K [0x0000000080000000, 0x0000000100000000)
  region size 1024K, 10 young (10240K), 10 survivors (10240K)
 Metaspace       used 100542K, capacity 102975K, committed 103296K, reserved 1138688K
  class space    used 12937K, capacity 13864K, committed 13952K, reserved 1048576K
}
Event: 18.967 GC heap before
{Heap before GC invocations=20 (full 0):
 garbage-first heap   total 196608K, used 130691K [0x0000000080000000, 0x0000000100000000)
  region size 1024K, 58 young (59392K), 10 survivors (10240K)
 Metaspace       used 106453K, capacity 109400K, committed 109440K, reserved 1144832K
  class space    used 13836K, capacity 14938K, committed 14976K, reserved 1048576K
}
Event: 18.982 GC heap after
{Heap after GC invocations=21 (full 0):
 garbage-first heap   total 196608K, used 86114K [0x0000000080000000, 0x0000000100000000)
  region size 1024K, 10 young (10240K), 10 survivors (10240K)
 Metaspace       used 106453K, capacity 109400K, committed 109440K, reserved 1144832K
  class space    used 13836K, capacity 14938K, committed 14976K, reserved 1048576K
}
Event: 19.806 GC heap before
{Heap before GC invocations=22 (full 0):
 garbage-first heap   total 196608K, used 157794K [0x0000000080000000, 0x0000000100000000)
  region size 1024K, 82 young (83968K), 10 survivors (10240K)
 Metaspace       used 114021K, capacity 117771K, committed 117960K, reserved 1150976K
  class space    used 15038K, capacity 16526K, committed 16588K, reserved 1048576K
}
Event: 19.819 GC heap after
{Heap after GC invocations=23 (full 0):
 garbage-first heap   total 196608K, used 85613K [0x0000000080000000, 0x0000000100000000)
  region size 1024K, 5 young (5120K), 5 survivors (5120K)
 Metaspace       used 114021K, capacity 117771K, committed 117960K, reserved 1150976K
  class space    used 15038K, capacity 16526K, committed 16588K, reserved 1048576K
}
Event: 20.606 GC heap before
{Heap before GC invocations=24 (full 0):
 garbage-first heap   total 196608K, used 134765K [0x0000000080000000, 0x0000000100000000)
  region size 1024K, 47 young (48128K), 5 survivors (5120K)
 Metaspace       used 117244K, capacity 121080K, committed 121288K, reserved 1153024K
  class space    used 15510K, capacity 17056K, committed 17100K, reserved 1048576K
}
Event: 20.613 GC heap after
{Heap after GC invocations=25 (full 0):
 garbage-first heap   total 196608K, used 92912K [0x0000000080000000, 0x0000000100000000)
  region size 1024K, 4 young (4096K), 4 survivors (4096K)
 Metaspace       used 117244K, capacity 121080K, committed 121288K, reserved 1153024K
  class space    used 15510K, capacity 17056K, committed 17100K, reserved 1048576K
}

Deoptimization events (10 events):
Event: 42.841 Thread 0x0000020867363000 Uncommon trap: reason=class_check action=maybe_recompile pc=0x000002085434d52c method=org.gradle.internal.snapshot.impl.AbstractValueProcessor.processValue(Ljava/lang/Object;Lorg/gradle/internal/snapshot/impl/AbstractValueProcessor$ValueVisitor;)Ljava/lan
Event: 42.933 Thread 0x00000208657b6000 Uncommon trap: reason=unstable_if action=reinterpret pc=0x00000208543988e0 method=com.google.common.collect.ImmutableSet$SetBuilderImpl.ensureCapacity(I)V @ 6 c2
Event: 42.942 Thread 0x00000208657b6000 Uncommon trap: reason=bimorphic_or_optimized_type_check action=maybe_recompile pc=0x0000020854230818 method=java.util.stream.MatchOps$MatchOp.evaluateSequential(Ljava/util/stream/PipelineHelper;Ljava/util/Spliterator;)Ljava/lang/Boolean; @ 14 c2
Event: 42.948 Thread 0x00000208657b6000 Uncommon trap: reason=class_check action=maybe_recompile pc=0x00000208542dbf38 method=java.util.HashMap.removeNode(ILjava/lang/Object;Ljava/lang/Object;ZZ)Ljava/util/HashMap$Node; @ 143 c2
Event: 42.952 Thread 0x00000208657b6000 Uncommon trap: reason=class_check action=maybe_recompile pc=0x00000208542dbf38 method=java.util.HashMap.removeNode(ILjava/lang/Object;Ljava/lang/Object;ZZ)Ljava/util/HashMap$Node; @ 143 c2
Event: 42.953 Thread 0x00000208657b6000 Uncommon trap: reason=class_check action=maybe_recompile pc=0x00000208542dbf38 method=java.util.HashMap.removeNode(ILjava/lang/Object;Ljava/lang/Object;ZZ)Ljava/util/HashMap$Node; @ 143 c2
Event: 43.022 Thread 0x000002086d9fe000 Uncommon trap: reason=unstable_if action=reinterpret pc=0x000002085433698c method=com.esotericsoftware.kryo.io.Input.require(I)I @ 180 c2
Event: 57.383 Thread 0x00000208657b6000 Uncommon trap: reason=bimorphic_or_optimized_type_check action=maybe_recompile pc=0x00000208544fcab8 method=java.util.Collections$UnmodifiableList.get(I)Ljava/lang/Object; @ 5 c2
Event: 57.392 Thread 0x00000208657b6000 Uncommon trap: reason=bimorphic_or_optimized_type_check action=maybe_recompile pc=0x0000020854230818 method=java.util.stream.MatchOps$MatchOp.evaluateSequential(Ljava/util/stream/PipelineHelper;Ljava/util/Spliterator;)Ljava/lang/Boolean; @ 14 c2
Event: 57.487 Thread 0x00000208657b6000 Uncommon trap: reason=class_check action=maybe_recompile pc=0x000002085431aabc method=org.gradle.tooling.internal.provider.runner.ClientBuildEventGenerator$Enabled.accept(Lorg/gradle/internal/operations/BuildOperationDescriptor;)Lorg/gradle/tooling/intern

Classes redefined (0 events):
No events

Internal exceptions (10 events):
Event: 42.292 Thread 0x00000208657b6000 Exception <a 'sun/nio/fs/WindowsException'{0x000000008a0750a8}> (0x000000008a0750a8) thrown at [./open/src/hotspot/share/prims/jni.cpp, line 611]
Event: 42.400 Thread 0x00000208657b6000 Exception <a 'java/lang/NoClassDefFoundError'{0x0000000089c310a8}: org/jetbrains/kotlin/gradle/plugin/KotlinBasePluginWrapper> (0x0000000089c310a8) thrown at [./open/src/hotspot/share/oops/constantPool.cpp, line 770]
Event: 42.466 Thread 0x00000208657b6000 Exception <a 'sun/nio/fs/WindowsException'{0x0000000089af0098}> (0x0000000089af0098) thrown at [./open/src/hotspot/share/prims/jni.cpp, line 611]
Event: 42.473 Thread 0x00000208657b6000 Exception <a 'sun/nio/fs/WindowsException'{0x000000008998d088}> (0x000000008998d088) thrown at [./open/src/hotspot/share/prims/jni.cpp, line 611]
Event: 42.473 Thread 0x00000208657b6000 Exception <a 'sun/nio/fs/WindowsException'{0x000000008998e3f0}> (0x000000008998e3f0) thrown at [./open/src/hotspot/share/prims/jni.cpp, line 611]
Event: 42.474 Thread 0x00000208657b6000 Exception <a 'sun/nio/fs/WindowsException'{0x000000008998f7a8}> (0x000000008998f7a8) thrown at [./open/src/hotspot/share/prims/jni.cpp, line 611]
Event: 42.474 Thread 0x00000208657b6000 Exception <a 'sun/nio/fs/WindowsException'{0x0000000089990b60}> (0x0000000089990b60) thrown at [./open/src/hotspot/share/prims/jni.cpp, line 611]
Event: 42.930 Thread 0x00000208657b6000 Exception <a 'sun/nio/fs/WindowsException'{0x00000000883cb7d8}> (0x00000000883cb7d8) thrown at [./open/src/hotspot/share/prims/jni.cpp, line 611]
Event: 42.930 Thread 0x00000208657b6000 Exception <a 'sun/nio/fs/WindowsException'{0x00000000883cbbc8}> (0x00000000883cbbc8) thrown at [./open/src/hotspot/share/prims/jni.cpp, line 611]
Event: 42.930 Thread 0x00000208657b6000 Exception <a 'sun/nio/fs/WindowsException'{0x00000000883cd548}> (0x00000000883cd548) thrown at [./open/src/hotspot/share/prims/jni.cpp, line 611]

Events (10 events):
Event: 57.416 Thread 0x0000020865c32000 Thread added: 0x0000020865c32000
Event: 57.416 Thread 0x0000020864e14000 Thread added: 0x0000020864e14000
Event: 57.418 Thread 0x000002086735c800 Thread added: 0x000002086735c800
Event: 57.422 Thread 0x000002086735c000 Thread added: 0x000002086735c000
Event: 57.441 Thread 0x0000020867358000 Thread added: 0x0000020867358000
Event: 57.482 Thread 0x0000020867357000 Thread added: 0x0000020867357000
Event: 57.487 Thread 0x00000208657b6000 Uncommon trap: trap_request=0xffffffde fr.pc=0x000002085431aabc relative=0x000000000000095c
Event: 57.487 Thread 0x00000208657b6000 DEOPT PACKING pc=0x000002085431aabc sp=0x0000003f73ffb2f0
Event: 57.487 Thread 0x00000208657b6000 DEOPT UNPACKING pc=0x000002084c23662f sp=0x0000003f73ffb218 mode 2
Event: 57.538 Thread 0x0000020867360000 Thread added: 0x0000020867360000


Dynamic libraries:
0x00007ff6d5a40000 - 0x00007ff6d5a50000 	C:\Program Files\Java\jdk\bin\java.exe
0x00007fff4c190000 - 0x00007fff4c3a4000 	C:\WINDOWS\SYSTEM32\ntdll.dll
0x00007fff4b160000 - 0x00007fff4b222000 	C:\WINDOWS\System32\KERNEL32.DLL
0x00007fff49950000 - 0x00007fff49cf3000 	C:\WINDOWS\System32\KERNELBASE.dll
0x00007fff496e0000 - 0x00007fff497f1000 	C:\WINDOWS\System32\ucrtbase.dll
0x00007fff28010000 - 0x00007fff28028000 	C:\Program Files\Java\jdk\bin\jli.dll
0x00007fff23740000 - 0x00007fff2375b000 	C:\Program Files\Java\jdk\bin\VCRUNTIME140.dll
0x00007fff4b0b0000 - 0x00007fff4b15e000 	C:\WINDOWS\System32\ADVAPI32.dll
0x00007fff4a3f0000 - 0x00007fff4a497000 	C:\WINDOWS\System32\msvcrt.dll
0x00007fff4b230000 - 0x00007fff4b2d4000 	C:\WINDOWS\System32\sechost.dll
0x00007fff4b840000 - 0x00007fff4b957000 	C:\WINDOWS\System32\RPCRT4.dll
0x00007fff4a070000 - 0x00007fff4a21b000 	C:\WINDOWS\System32\USER32.dll
0x00007fff3fe80000 - 0x00007fff4010e000 	C:\WINDOWS\WinSxS\amd64_microsoft.windows.common-controls_6595b64144ccf1df_6.0.22621.1635_none_270f70857386168e\COMCTL32.dll
0x00007fff49920000 - 0x00007fff49946000 	C:\WINDOWS\System32\win32u.dll
0x00007fff4bb90000 - 0x00007fff4bbb9000 	C:\WINDOWS\System32\GDI32.dll
0x00007fff49800000 - 0x00007fff49918000 	C:\WINDOWS\System32\gdi32full.dll
0x00007fff49ef0000 - 0x00007fff49f8a000 	C:\WINDOWS\System32\msvcp_win.dll
0x00007fff44690000 - 0x00007fff4469a000 	C:\WINDOWS\SYSTEM32\VERSION.dll
0x00007fff4a220000 - 0x00007fff4a251000 	C:\WINDOWS\System32\IMM32.DLL
0x00007fff35050000 - 0x00007fff3505c000 	C:\Program Files\Java\jdk\bin\vcruntime140_1.dll
0x00007fff14e00000 - 0x00007fff14e8e000 	C:\Program Files\Java\jdk\bin\msvcp140.dll
0x00007fff0c8d0000 - 0x00007fff0d438000 	C:\Program Files\Java\jdk\bin\server\jvm.dll
0x00007fff4a260000 - 0x00007fff4a268000 	C:\WINDOWS\System32\PSAPI.DLL
0x00007fff44080000 - 0x00007fff44089000 	C:\WINDOWS\SYSTEM32\WSOCK32.dll
0x00007fff446c0000 - 0x00007fff446f4000 	C:\WINDOWS\SYSTEM32\WINMM.dll
0x00007fff4a2d0000 - 0x00007fff4a341000 	C:\WINDOWS\System32\WS2_32.dll
0x00007fff486d0000 - 0x00007fff486e8000 	C:\WINDOWS\SYSTEM32\kernel.appcore.dll
0x00007fff33c30000 - 0x00007fff33c40000 	C:\Program Files\Java\jdk\bin\verify.dll
0x00007fff46f50000 - 0x00007fff4717e000 	C:\WINDOWS\SYSTEM32\DBGHELP.DLL
0x00007fff4b4b0000 - 0x00007fff4b839000 	C:\WINDOWS\System32\combase.dll
0x00007fff49f90000 - 0x00007fff4a067000 	C:\WINDOWS\System32\OLEAUT32.dll
0x00007fff403f0000 - 0x00007fff40422000 	C:\WINDOWS\SYSTEM32\dbgcore.DLL
0x00007fff49e70000 - 0x00007fff49eeb000 	C:\WINDOWS\System32\bcryptPrimitives.dll
0x00007fff22cc0000 - 0x00007fff22ce8000 	C:\Program Files\Java\jdk\bin\java.dll
0x00007fff33b30000 - 0x00007fff33b3a000 	C:\Program Files\Java\jdk\bin\jimage.dll
0x00007fff23470000 - 0x00007fff23487000 	C:\Program Files\Java\jdk\bin\zip.dll
0x00007fff4a6f0000 - 0x00007fff4aeea000 	C:\WINDOWS\System32\SHELL32.dll
0x00007fff47570000 - 0x00007fff47e3e000 	C:\WINDOWS\SYSTEM32\windows.storage.dll
0x00007fff47430000 - 0x00007fff4756e000 	C:\WINDOWS\SYSTEM32\wintypes.dll
0x00007fff4b2e0000 - 0x00007fff4b3d1000 	C:\WINDOWS\System32\SHCORE.dll
0x00007fff4b3e0000 - 0x00007fff4b43e000 	C:\WINDOWS\System32\shlwapi.dll
0x00007fff494e0000 - 0x00007fff49501000 	C:\WINDOWS\SYSTEM32\profapi.dll
0x00007fff22260000 - 0x00007fff22279000 	C:\Program Files\Java\jdk\bin\net.dll
0x00007fff42d20000 - 0x00007fff42e57000 	C:\WINDOWS\SYSTEM32\WINHTTP.dll
0x00007fff48b60000 - 0x00007fff48bc9000 	C:\WINDOWS\system32\mswsock.dll
0x00007fff22180000 - 0x00007fff22192000 	C:\Program Files\Java\jdk\bin\nio.dll
0x00007fff190c0000 - 0x00007fff190e7000 	C:\Users\etghi\.gradle\native\e1d6ef7f7dcc3fd88c89a11ec53ec762bb8ba0a96d01ffa2cd45eb1d1d8dd5c5\windows-amd64\native-platform.dll
0x00007fff02b60000 - 0x00007fff02ca4000 	C:\Users\etghi\.gradle\native\0d407fdbe67a94daf76414ababcb853783967236a71b16ec16e742cd7a986fd3\windows-amd64\native-platform-file-events.dll
0x00007fff32f80000 - 0x00007fff32f89000 	C:\Program Files\Java\jdk\bin\management.dll
0x00007fff32b50000 - 0x00007fff32b5b000 	C:\Program Files\Java\jdk\bin\management_ext.dll
0x00007fff48dc0000 - 0x00007fff48ddb000 	C:\WINDOWS\SYSTEM32\CRYPTSP.dll
0x00007fff48640000 - 0x00007fff48675000 	C:\WINDOWS\system32\rsaenh.dll
0x00007fff48c60000 - 0x00007fff48c88000 	C:\WINDOWS\SYSTEM32\USERENV.dll
0x00007fff48f80000 - 0x00007fff48fa8000 	C:\WINDOWS\SYSTEM32\bcrypt.dll
0x00007fff48de0000 - 0x00007fff48dec000 	C:\WINDOWS\SYSTEM32\CRYPTBASE.dll
0x00007fff48110000 - 0x00007fff4813d000 	C:\WINDOWS\SYSTEM32\IPHLPAPI.DLL
0x00007fff4a4a0000 - 0x00007fff4a4a9000 	C:\WINDOWS\System32\NSI.dll
0x00007fff41b30000 - 0x00007fff41b49000 	C:\WINDOWS\SYSTEM32\dhcpcsvc6.DLL
0x00007fff41b10000 - 0x00007fff41b2f000 	C:\WINDOWS\SYSTEM32\dhcpcsvc.DLL
0x00007fff48180000 - 0x00007fff48273000 	C:\WINDOWS\SYSTEM32\DNSAPI.dll
0x00007fff486f0000 - 0x00007fff48724000 	C:\WINDOWS\SYSTEM32\ntmarta.dll
0x00007fff3cdd0000 - 0x00007fff3cddd000 	C:\Program Files\Java\jdk\bin\sunmscapi.dll
0x00007fff49d00000 - 0x00007fff49e67000 	C:\WINDOWS\System32\CRYPT32.dll
0x00007fff48f50000 - 0x00007fff48f7e000 	C:\WINDOWS\SYSTEM32\ncrypt.dll
0x00007fff48f10000 - 0x00007fff48f47000 	C:\WINDOWS\SYSTEM32\NTASN1.dll
0x00007fff33f80000 - 0x00007fff33fa7000 	C:\Program Files\Java\jdk\bin\sunec.dll

dbghelp: loaded successfully - version: 4.0.5 - missing functions: none
symbol engine: initialized successfully - sym options: 0x614 - pdb path: .;C:\Program Files\Java\jdk\bin;C:\WINDOWS\SYSTEM32;C:\WINDOWS\WinSxS\amd64_microsoft.windows.common-controls_6595b64144ccf1df_6.0.22621.1635_none_270f70857386168e;C:\Program Files\Java\jdk\bin\server;C:\Users\etghi\.gradle\native\e1d6ef7f7dcc3fd88c89a11ec53ec762bb8ba0a96d01ffa2cd45eb1d1d8dd5c5\windows-amd64;C:\Users\etghi\.gradle\native\0d407fdbe67a94daf76414ababcb853783967236a71b16ec16e742cd7a986fd3\windows-amd64

VM Arguments:
jvm_args: --add-opens=java.base/java.util=ALL-UNNAMED --add-opens=java.base/java.lang=ALL-UNNAMED --add-opens=java.base/java.lang.invoke=ALL-UNNAMED --add-opens=java.base/java.util=ALL-UNNAMED --add-opens=java.prefs/java.util.prefs=ALL-UNNAMED --add-opens=java.prefs/java.util.prefs=ALL-UNNAMED --add-opens=java.base/java.nio.charset=ALL-UNNAMED --add-opens=java.base/java.net=ALL-UNNAMED --add-opens=java.base/java.util.concurrent.atomic=ALL-UNNAMED -Xmx2048m -Dfile.encoding=UTF-8 -Duser.country=ID -Duser.language=en -Duser.variant 
java_command: org.gradle.launcher.daemon.bootstrap.GradleDaemon 7.4
java_class_path (initial): C:\Users\etghi\.gradle\wrapper\dists\gradle-7.4-bin\c0gwcg53nkjbqw7r0h0umtfvt\gradle-7.4\lib\gradle-launcher-7.4.jar
Launcher Type: SUN_STANDARD

[Global flags]
     intx CICompilerCount                          = 4                                         {product} {ergonomic}
     uint ConcGCThreads                            = 2                                         {product} {ergonomic}
     uint G1ConcRefinementThreads                  = 8                                         {product} {ergonomic}
   size_t G1HeapRegionSize                         = 1048576                                   {product} {ergonomic}
    uintx GCDrainStackTargetSize                   = 64                                        {product} {ergonomic}
   size_t InitialHeapSize                          = 201326592                                 {product} {ergonomic}
   size_t MarkStackSize                            = 4194304                                   {product} {ergonomic}
   size_t MaxHeapSize                              = 2147483648                                {product} {command line}
   size_t MaxNewSize                               = 1287651328                                {product} {ergonomic}
   size_t MinHeapDeltaBytes                        = 1048576                                   {product} {ergonomic}
    uintx NonNMethodCodeHeapSize                   = 5836300                                {pd product} {ergonomic}
    uintx NonProfiledCodeHeapSize                  = 122910970                              {pd product} {ergonomic}
    uintx ProfiledCodeHeapSize                     = 122910970                              {pd product} {ergonomic}
    uintx ReservedCodeCacheSize                    = 251658240                              {pd product} {ergonomic}
     bool SegmentedCodeCache                       = true                                      {product} {ergonomic}
     bool UseCompressedClassPointers               = true                                 {lp64_product} {ergonomic}
     bool UseCompressedOops                        = true                                 {lp64_product} {ergonomic}
     bool UseG1GC                                  = true                                      {product} {ergonomic}
     bool UseLargePagesIndividualAllocation        = false                                  {pd product} {ergonomic}

Logging:
Log output configuration:
 #0: stdout all=warning uptime,level,tags
 #1: stderr all=off uptime,level,tags

Environment Variables:
JAVA_HOME=C:\Program Files\Java\jdk
PATH=C:\Program Files\Common Files\Oracle\Java\javapath;C:\Program Files\Eclipse Adoptium\jdk-17.0.6.10-hotspot\bin;C:\Program Files\Microsoft\jdk-11.0.12.7-hotspot\bin;C:\WINDOWS\system32;C:\WINDOWS;C:\WINDOWS\System32\Wbem;C:\WINDOWS\System32\WindowsPowerShell\v1.0\;C:\WINDOWS\System32\OpenSSH\;C:\xampp\php;C:\Program Files\Git\cmd;C:\src\flutter\bin;C:\Program Files\nodejs\;C:\Users\etghi\AppData\Local\Android\Sdk\platform-tools;C:\ProgramData\ComposerSetup\bin;C:\Users\etghi\AppData\Local\Microsoft\WindowsApps;C:\src\flutter\bin;C:\Users\etghi\AppData\Local\Programs\Microsoft VS Code\bin;C:\Users\etghi\AppData\Roaming\npm;C:\Users\etghi\AppData\Roaming\Composer\vendor\bin
USERNAME=etghi
OS=Windows_NT
PROCESSOR_IDENTIFIER=Intel64 Family 6 Model 142 Stepping 10, GenuineIntel



---------------  S Y S T E M  ---------------

OS: Windows 11 , 64 bit Build 22621 (10.0.22621.1635)
Hyper-V role detected

CPU:total 8 (initial active 8) (4 cores per cpu, 2 threads per core) family 6 model 142 stepping 10 microcode 0xe0, cmov, cx8, fxsr, mmx, sse, sse2, sse3, ssse3, sse4.1, sse4.2, popcnt, avx, avx2, aes, clmul, erms, 3dnowpref, lzcnt, ht, tsc, tscinvbit, bmi1, bmi2, adx, fma

Memory: 4k page, system-wide physical 12193M (1224M free)
TotalPageFile size 14241M (AvailPageFile size 3M)
current process WorkingSet (physical memory assigned to process): 495M, peak: 520M
current process commit charge ("private bytes"): 540M, peak: 562M

vm_info: Java HotSpot(TM) 64-Bit Server VM (11.0.18+9-LTS-195) for windows-amd64 JRE (11.0.18+9-LTS-195), built on Dec  6 2022 15:50:58 by "mach5one" with MS VC++ 17.1 (VS2022)

END.
